
Showing logs for build [32mcb-kubecd-bdd-spring-1584290293-6g9tk-1[0m stage [32mfrom-build-pack[0m and container [32mstep-credential-initializer-h2vk8[0m
{"level":"warn","ts":1584290983.4372065,"logger":"fallback-logger","caller":"logging/config.go:69","msg":"Fetch GitHub commit ID from kodata failed: \"ref: refs/heads/0.8.0-**-support-backwards-incompats\" is not a valid GitHub commit ID"}
{"level":"info","ts":1584290983.4377017,"logger":"fallback-logger","caller":"creds-init/main.go:40","msg":"Credentials initialized."}

Showing logs for build [32mcb-kubecd-bdd-spring-1584290293-6g9tk-1[0m stage [32mfrom-build-pack[0m and container [32mstep-working-dir-initializer-j5pmx[0m
{"level":"warn","ts":1584290984.8545644,"logger":"fallback-logger","caller":"logging/config.go:69","msg":"Fetch GitHub commit ID from kodata failed: open /var/run/ko/HEAD: no such file or directory"}
{"level":"info","ts":1584290984.8571296,"logger":"fallback-logger","caller":"bash/main.go:64","msg":"Successfully executed command \"sh -c mkdir -p /workspace/source\"; output "}

Showing logs for build [32mcb-kubecd-bdd-spring-1584290293-6g9tk-1[0m stage [32mfrom-build-pack[0m and container [32mstep-place-tools[0m

Showing logs for build [32mcb-kubecd-bdd-spring-1584290293-6g9tk-1[0m stage [32mfrom-build-pack[0m and container [32mstep-git-source-cb-kubecd-bdd-spring-1584290293-6g9tk-wrjpm[0m
{"level":"warn","ts":1584290993.9780657,"logger":"fallback-logger","caller":"logging/config.go:69","msg":"Fetch GitHub commit ID from kodata failed: \"ref: refs/heads/0.8.0-**-support-backwards-incompats\" is not a valid GitHub commit ID"}
{"level":"info","ts":1584290995.1477787,"logger":"fallback-logger","caller":"git/git.go:103","msg":"Successfully cloned https://github.com/cb-kubecd/bdd-spring-1584290293.git @ master in path /workspace/source"}

Showing logs for build [32mcb-kubecd-bdd-spring-1584290293-6g9tk-1[0m stage [32mfrom-build-pack[0m and container [32mstep-git-merge[0m
Using SHAs from PULL_REFS=master:e773eb7b3b126d8b998f269ef0855d622f42a15a,1:af5bb967e452b821fe19e5c6fbcf6d900664e36e
DEBUG: LC_ALL=C JX_LOG_LEVEL=error git fetch origin --unshallow af5bb967e452b821fe19e5c6fbcf6d900664e36e: e773eb7b3b126d8b998f269ef0855d622f42a15a:
DEBUG: ran git fetch --unshallow origin af5bb967e452b821fe19e5c6fbcf6d900664e36e: e773eb7b3b126d8b998f269ef0855d622f42a15a: in 
DEBUG: LC_ALL=C JX_LOG_LEVEL=error git branch
DEBUG: LC_ALL=C JX_LOG_LEVEL=error git checkout master
DEBUG: ran git checkout master in 
DEBUG: LC_ALL=C JX_LOG_LEVEL=error git reset --hard e773eb7b3b126d8b998f269ef0855d622f42a15a
DEBUG: ran git reset --hard e773eb7b3b126d8b998f269ef0855d622f42a15a in 
DEBUG: LC_ALL=C JX_LOG_LEVEL=error git clean -fd .
DEBUG: ran clean --force -d . in 
DEBUG: LC_ALL=C JX_LOG_LEVEL=error git merge af5bb967e452b821fe19e5c6fbcf6d900664e36e
DEBUG: ran git merge af5bb967e452b821fe19e5c6fbcf6d900664e36e in 
DEBUG: LC_ALL=C JX_LOG_LEVEL=error git log --format=%H%x1f%an%x1f%ae%x1f%cn%x1f%ce%x1f%s%n%b%x1e e773eb7b3b126d8b998f269ef0855d622f42a15a..HEAD
Merged SHA af5bb967e452b821fe19e5c6fbcf6d900664e36e with commit message 'My first PR commit' into base branch master

Showing logs for build [32mcb-kubecd-bdd-spring-1584290293-6g9tk-1[0m stage [32mfrom-build-pack[0m and container [32mstep-build-set-version[0m
Picked up _JAVA_OPTIONS: -XX:+UnlockExperimentalVMOptions -XX:+UseCGroupMemoryLimitForHeap -Dsun.zip.disableMemoryMapping=true -XX:+UseParallelGC -XX:MinHeapFreeRatio=5 -XX:MaxHeapFreeRatio=10 -XX:GCTimeRatio=4 -XX:AdaptiveSizePolicyWeight=90 -Xms10m -Xmx192m
OpenJDK 64-Bit Server VM warning: If the number of processors is expected to increase from one, then you should configure the number of parallel GC threads appropriately using -XX:ParallelGCThreads=N
[INFO] Scanning for projects...
[INFO] 
[INFO] -----------------< com.example:bdd-spring-1584290293 >------------------
[INFO] Building demo 0.0.1-SNAPSHOT
[INFO] --------------------------------[ jar ]---------------------------------
[INFO] 
[INFO] --- versions-maven-plugin:2.7:set (default-cli) @ bdd-spring-1584290293 ---
[INFO] Searching for local aggregator root...
[INFO] Local aggregation root: /workspace/source
[INFO] Processing change of com.example:bdd-spring-1584290293:0.0.1-SNAPSHOT -> 0.0.0-SNAPSHOT-PR-1-1
[INFO] Processing com.example:bdd-spring-1584290293
[INFO]     Updating project com.example:bdd-spring-1584290293
[INFO]         from version 0.0.1-SNAPSHOT to 0.0.0-SNAPSHOT-PR-1-1
[INFO] 
[INFO] ------------------------------------------------------------------------
[INFO] BUILD SUCCESS
[INFO] ------------------------------------------------------------------------
[INFO] Total time:  13.890 s
[INFO] Finished at: 2020-03-15T16:50:14Z
[INFO] ------------------------------------------------------------------------

Showing logs for build [32mcb-kubecd-bdd-spring-1584290293-6g9tk-1[0m stage [32mfrom-build-pack[0m and container [32mstep-build-mvn-install[0m
Picked up _JAVA_OPTIONS: -XX:+UnlockExperimentalVMOptions -XX:+UseCGroupMemoryLimitForHeap -Dsun.zip.disableMemoryMapping=true -XX:+UseParallelGC -XX:MinHeapFreeRatio=5 -XX:MaxHeapFreeRatio=10 -XX:GCTimeRatio=4 -XX:AdaptiveSizePolicyWeight=90 -Xms10m -Xmx192m
OpenJDK 64-Bit Server VM warning: If the number of processors is expected to increase from one, then you should configure the number of parallel GC threads appropriately using -XX:ParallelGCThreads=N
[INFO] Scanning for projects...
[INFO] 
[INFO] -----------------< com.example:bdd-spring-1584290293 >------------------
[INFO] Building demo 0.0.0-SNAPSHOT-PR-1-1
[INFO] --------------------------------[ jar ]---------------------------------
[INFO] 
[INFO] --- maven-resources-plugin:3.1.0:resources (default-resources) @ bdd-spring-1584290293 ---
[INFO] Using 'UTF-8' encoding to copy filtered resources.
[INFO] Copying 1 resource
[INFO] Copying 0 resource
[INFO] 
[INFO] --- maven-compiler-plugin:3.8.1:compile (default-compile) @ bdd-spring-1584290293 ---
[INFO] Changes detected - recompiling the module!
[INFO] Compiling 1 source file to /workspace/source/target/classes
[INFO] 
[INFO] --- maven-resources-plugin:3.1.0:testResources (default-testResources) @ bdd-spring-1584290293 ---
[INFO] Using 'UTF-8' encoding to copy filtered resources.
[INFO] skip non existing resourceDirectory /workspace/source/src/test/resources
[INFO] 
[INFO] --- maven-compiler-plugin:3.8.1:testCompile (default-testCompile) @ bdd-spring-1584290293 ---
[INFO] Changes detected - recompiling the module!
[INFO] Compiling 1 source file to /workspace/source/target/test-classes
[INFO] 
[INFO] --- maven-surefire-plugin:3.0.0-M1:test (default-test) @ bdd-spring-1584290293 ---
[INFO] 
[INFO] -------------------------------------------------------
[INFO]  T E S T S
[INFO] -------------------------------------------------------
[INFO] Running com.example.bddspring1584290293.DemoApplicationTests
16:50:36.785 [main] DEBUG org.springframework.test.context.BootstrapUtils - Instantiating CacheAwareContextLoaderDelegate from class [org.springframework.test.context.cache.DefaultCacheAwareContextLoaderDelegate]
16:50:36.818 [main] DEBUG org.springframework.test.context.BootstrapUtils - Instantiating BootstrapContext using constructor [public org.springframework.test.context.support.DefaultBootstrapContext(java.lang.Class,org.springframework.test.context.CacheAwareContextLoaderDelegate)]
16:50:36.982 [main] DEBUG org.springframework.test.context.BootstrapUtils - Instantiating TestContextBootstrapper for test class [com.example.bddspring1584290293.DemoApplicationTests] from class [org.springframework.boot.test.context.SpringBootTestContextBootstrapper]
16:50:37.022 [main] INFO org.springframework.boot.test.context.SpringBootTestContextBootstrapper - Neither @ContextConfiguration nor @ContextHierarchy found for test class [com.example.bddspring1584290293.DemoApplicationTests], using SpringBootContextLoader
16:50:37.043 [main] DEBUG org.springframework.test.context.support.AbstractContextLoader - Did not detect default resource location for test class [com.example.bddspring1584290293.DemoApplicationTests]: class path resource [com/example/bddspring1584290293/DemoApplicationTests-context.xml] does not exist
16:50:37.069 [main] DEBUG org.springframework.test.context.support.AbstractContextLoader - Did not detect default resource location for test class [com.example.bddspring1584290293.DemoApplicationTests]: class path resource [com/example/bddspring1584290293/DemoApplicationTestsContext.groovy] does not exist
16:50:37.082 [main] INFO org.springframework.test.context.support.AbstractContextLoader - Could not detect default resource locations for test class [com.example.bddspring1584290293.DemoApplicationTests]: no resource found for suffixes {-context.xml, Context.groovy}.
16:50:37.086 [main] INFO org.springframework.test.context.support.AnnotationConfigContextLoaderUtils - Could not detect default configuration classes for test class [com.example.bddspring1584290293.DemoApplicationTests]: DemoApplicationTests does not declare any static, non-private, non-final, nested classes annotated with @Configuration.
16:50:37.204 [main] DEBUG org.springframework.test.context.support.ActiveProfilesUtils - Could not find an 'annotation declaring class' for annotation type [org.springframework.test.context.ActiveProfiles] and class [com.example.bddspring1584290293.DemoApplicationTests]
16:50:37.326 [main] DEBUG org.springframework.context.annotation.ClassPathScanningCandidateComponentProvider - Identified candidate component class: file [/workspace/source/target/classes/com/example/bddspring1584290293/DemoApplication.class]
16:50:37.330 [main] INFO org.springframework.boot.test.context.SpringBootTestContextBootstrapper - Found @SpringBootConfiguration com.example.bddspring1584290293.DemoApplication for test class com.example.bddspring1584290293.DemoApplicationTests
16:50:37.518 [main] DEBUG org.springframework.boot.test.context.SpringBootTestContextBootstrapper - @TestExecutionListeners is not present for class [com.example.bddspring1584290293.DemoApplicationTests]: using defaults.
16:50:37.521 [main] INFO org.springframework.boot.test.context.SpringBootTestContextBootstrapper - Loaded default TestExecutionListener class names from location [META-INF/spring.factories]: [org.springframework.boot.test.mock.mockito.MockitoTestExecutionListener, org.springframework.boot.test.mock.mockito.ResetMocksTestExecutionListener, org.springframework.boot.test.autoconfigure.restdocs.RestDocsTestExecutionListener, org.springframework.boot.test.autoconfigure.web.client.MockRestServiceServerResetTestExecutionListener, org.springframework.boot.test.autoconfigure.web.servlet.MockMvcPrintOnlyOnFailureTestExecutionListener, org.springframework.boot.test.autoconfigure.web.servlet.WebDriverTestExecutionListener, org.springframework.test.context.web.ServletTestExecutionListener, org.springframework.test.context.support.DirtiesContextBeforeModesTestExecutionListener, org.springframework.test.context.support.DependencyInjectionTestExecutionListener, org.springframework.test.context.support.DirtiesContextTestExecutionListener, org.springframework.test.context.transaction.TransactionalTestExecutionListener, org.springframework.test.context.jdbc.SqlScriptsTestExecutionListener, org.springframework.test.context.event.EventPublishingTestExecutionListener]
16:50:37.596 [main] DEBUG org.springframework.boot.test.context.SpringBootTestContextBootstrapper - Skipping candidate TestExecutionListener [org.springframework.test.context.transaction.TransactionalTestExecutionListener] due to a missing dependency. Specify custom listener classes or make the default listener classes and their required dependencies available. Offending class: [org/springframework/transaction/TransactionDefinition]
16:50:37.599 [main] DEBUG org.springframework.boot.test.context.SpringBootTestContextBootstrapper - Skipping candidate TestExecutionListener [org.springframework.test.context.jdbc.SqlScriptsTestExecutionListener] due to a missing dependency. Specify custom listener classes or make the default listener classes and their required dependencies available. Offending class: [org/springframework/transaction/interceptor/TransactionAttribute]
16:50:37.602 [main] INFO org.springframework.boot.test.context.SpringBootTestContextBootstrapper - Using TestExecutionListeners: [org.springframework.test.context.web.ServletTestExecutionListener@53fdffa1, org.springframework.test.context.support.DirtiesContextBeforeModesTestExecutionListener@5562c41e, org.springframework.boot.test.mock.mockito.MockitoTestExecutionListener@32ee6fee, org.springframework.boot.test.autoconfigure.SpringBootDependencyInjectionTestExecutionListener@4d0f2471, org.springframework.test.context.support.DirtiesContextTestExecutionListener@7133da86, org.springframework.test.context.event.EventPublishingTestExecutionListener@3232a28a, org.springframework.boot.test.mock.mockito.ResetMocksTestExecutionListener@73e22a3d, org.springframework.boot.test.autoconfigure.restdocs.RestDocsTestExecutionListener@47faa49c, org.springframework.boot.test.autoconfigure.web.client.MockRestServiceServerResetTestExecutionListener@28f2a10f, org.springframework.boot.test.autoconfigure.web.servlet.MockMvcPrintOnlyOnFailureTestExecutionListener@f736069, org.springframework.boot.test.autoconfigure.web.servlet.WebDriverTestExecutionListener@6da21078]
16:50:37.607 [main] DEBUG org.springframework.test.context.support.AbstractDirtiesContextTestExecutionListener - Before test class: context [DefaultTestContext@2f217633 testClass = DemoApplicationTests, testInstance = [null], testMethod = [null], testException = [null], mergedContextConfiguration = [WebMergedContextConfiguration@a530d0a testClass = DemoApplicationTests, locations = '{}', classes = '{class com.example.bddspring1584290293.DemoApplication}', contextInitializerClasses = '[]', activeProfiles = '{}', propertySourceLocations = '{}', propertySourceProperties = '{org.springframework.boot.test.context.SpringBootTestContextBootstrapper=true}', contextCustomizers = set[org.springframework.boot.test.context.filter.ExcludeFilterContextCustomizer@12e61fe6, org.springframework.boot.test.json.DuplicateJsonObjectContextCustomizerFactory$DuplicateJsonObjectContextCustomizer@48fa0f47, org.springframework.boot.test.mock.mockito.MockitoContextCustomizer@0, org.springframework.boot.test.web.client.TestRestTemplateContextCustomizer@5c909414, org.springframework.boot.test.autoconfigure.properties.PropertyMappingContextCustomizer@0, org.springframework.boot.test.autoconfigure.web.servlet.WebDriverContextCustomizerFactory$Customizer@6fe7aac8], resourceBasePath = 'src/main/webapp', contextLoader = 'org.springframework.boot.test.context.SpringBootContextLoader', parent = [null]], attributes = map['org.springframework.test.context.web.ServletTestExecutionListener.activateListener' -> true]], class annotated with @DirtiesContext [false] with mode [null].
16:50:37.707 [main] DEBUG org.springframework.test.context.support.TestPropertySourceUtils - Adding inlined properties to environment: {spring.jmx.enabled=false, org.springframework.boot.test.context.SpringBootTestContextBootstrapper=true, server.port=-1}

  .   ____          _            __ _ _
 /\\ / ___'_ __ _ _(_)_ __  __ _ \ \ \ \
( ( )\___ | '_ | '_| | '_ \/ _` | \ \ \ \
 \\/  ___)| |_)| | | | | || (_| |  ) ) ) )
  '  |____| .__|_| |_|_| |_\__, | / / / /
 =========|_|==============|___/=/_/_/_/
 :: Spring Boot ::        (v2.2.5.RELEASE)

2020-03-15 16:50:38.570  INFO 64 --- [           main] c.e.b.DemoApplicationTests               : Starting DemoApplicationTests on cb-kubecd-bdd-spring-1584290293-6g9tk-1-from-build-pack-xq58m-p with PID 64 (started by root in /workspace/source)
2020-03-15 16:50:38.573  INFO 64 --- [           main] c.e.b.DemoApplicationTests               : No active profile set, falling back to default profiles: default
2020-03-15 16:50:46.689  INFO 64 --- [           main] o.s.s.concurrent.ThreadPoolTaskExecutor  : Initializing ExecutorService 'applicationTaskExecutor'
2020-03-15 16:50:48.579  INFO 64 --- [           main] o.s.b.a.e.web.EndpointLinksResolver      : Exposing 2 endpoint(s) beneath base path '/actuator'
2020-03-15 16:50:48.781  INFO 64 --- [           main] c.e.b.DemoApplicationTests               : Started DemoApplicationTests in 10.992 seconds (JVM running for 13.887)
[INFO] Tests run: 1, Failures: 0, Errors: 0, Skipped: 0, Time elapsed: 12.972 s - in com.example.bddspring1584290293.DemoApplicationTests
2020-03-15 16:50:49.619  INFO 64 --- [extShutdownHook] o.s.s.concurrent.ThreadPoolTaskExecutor  : Shutting down ExecutorService 'applicationTaskExecutor'
[INFO] 
[INFO] Results:
[INFO] 
[INFO] Tests run: 1, Failures: 0, Errors: 0, Skipped: 0
[INFO] 
[INFO] 
[INFO] --- maven-jar-plugin:3.1.2:jar (default-jar) @ bdd-spring-1584290293 ---
[INFO] Building jar: /workspace/source/target/bdd-spring-1584290293-0.0.0-SNAPSHOT-PR-1-1.jar
[INFO] 
[INFO] --- spring-boot-maven-plugin:2.2.5.RELEASE:repackage (repackage) @ bdd-spring-1584290293 ---
[INFO] Replacing main artifact with repackaged archive
[INFO] 
[INFO] --- maven-install-plugin:2.5.2:install (default-install) @ bdd-spring-1584290293 ---
[INFO] Installing /workspace/source/target/bdd-spring-1584290293-0.0.0-SNAPSHOT-PR-1-1.jar to /home/jenkins/.mvnrepository/com/example/bdd-spring-1584290293/0.0.0-SNAPSHOT-PR-1-1/bdd-spring-1584290293-0.0.0-SNAPSHOT-PR-1-1.jar
[INFO] Installing /workspace/source/pom.xml to /home/jenkins/.mvnrepository/com/example/bdd-spring-1584290293/0.0.0-SNAPSHOT-PR-1-1/bdd-spring-1584290293-0.0.0-SNAPSHOT-PR-1-1.pom
[INFO] ------------------------------------------------------------------------
[INFO] BUILD SUCCESS
[INFO] ------------------------------------------------------------------------
[INFO] Total time:  36.629 s
[INFO] Finished at: 2020-03-15T16:50:54Z
[INFO] ------------------------------------------------------------------------

Showing logs for build [32mcb-kubecd-bdd-spring-1584290293-6g9tk-1[0m stage [32mfrom-build-pack[0m and container [32mstep-build-skaffold-version[0m
v1.0.1

Showing logs for build [32mcb-kubecd-bdd-spring-1584290293-6g9tk-1[0m stage [32mfrom-build-pack[0m and container [32mstep-build-container-build[0m
[36mINFO[0m[0000] Downloading base image openjdk:8-jdk-slim    
ERROR: logging before flag.Parse: E0315 16:50:57.117740      11 metadata.go:159] while reading 'google-dockercfg-url' metadata: http status code: 404 while fetching url http://metadata.google.internal./computeMetadata/v1/instance/attributes/google-dockercfg-url
ERROR: logging before flag.Parse: E0315 16:50:57.124754      11 metadata.go:142] while reading 'google-dockercfg' metadata: http status code: 404 while fetching url http://metadata.google.internal./computeMetadata/v1/instance/attributes/google-dockercfg
2020/03/15 16:50:57 No matching credentials were found, falling back on anonymous
[36mINFO[0m[0001] Error while retrieving image from cache: getting file info: stat /workspace/sha256:9a6201786a233a26fa84d1f61affddacab15e9cba06bb9cf0db38ec9c285773b: no such file or directory 
[36mINFO[0m[0001] Downloading base image openjdk:8-jdk-slim    
2020/03/15 16:50:58 No matching credentials were found, falling back on anonymous
[36mINFO[0m[0002] cmd: EXPOSE                                  
[36mINFO[0m[0002] Adding exposed port: 8080/tcp                
[36mINFO[0m[0002] Using files from context: [/workspace/source/pom.xml] 
[36mINFO[0m[0002] Using files from context: [/workspace/source/target/bdd-spring-1584290293-0.0.0-SNAPSHOT-PR-1-1.jar] 
[36mINFO[0m[0002] Skipping unpacking as no commands require it. 
[36mINFO[0m[0002] Taking snapshot of full filesystem...        
[36mINFO[0m[0002] ENV PORT 8080                                
[36mINFO[0m[0002] No files changed in this command, skipping snapshotting. 
[36mINFO[0m[0002] ENV CLASSPATH /opt/lib                       
[36mINFO[0m[0002] No files changed in this command, skipping snapshotting. 
[36mINFO[0m[0002] EXPOSE 8080                                  
[36mINFO[0m[0002] cmd: EXPOSE                                  
[36mINFO[0m[0002] Adding exposed port: 8080/tcp                
[36mINFO[0m[0002] No files changed in this command, skipping snapshotting. 
[36mINFO[0m[0002] Using files from context: [/workspace/source/pom.xml] 
[36mINFO[0m[0002] COPY pom.xml target/lib* /opt/lib/           
[36mINFO[0m[0002] Taking snapshot of files...                  
[36mINFO[0m[0002] Using files from context: [/workspace/source/target/bdd-spring-1584290293-0.0.0-SNAPSHOT-PR-1-1.jar] 
[36mINFO[0m[0002] COPY target/*.jar /opt/app.jar               
[36mINFO[0m[0002] Taking snapshot of files...                  
[36mINFO[0m[0002] WORKDIR /opt                                 
[36mINFO[0m[0002] cmd: workdir                                 
[36mINFO[0m[0002] Changed working directory to /opt            
[36mINFO[0m[0002] No files changed in this command, skipping snapshotting. 
[36mINFO[0m[0002] CMD ["java", "-XX:+UnlockExperimentalVMOptions", "-XX:+UseCGroupMemoryLimitForHeap", "-jar", "app.jar"] 
[36mINFO[0m[0002] No files changed in this command, skipping snapshotting. 
2020/03/15 16:51:00 existing blob: sha256:1036c6da18fe8ac7f046061bc1cc870d2a1608caceded73416ec139bae64a0c6
2020/03/15 16:51:00 existing blob: sha256:68ced04f60ab5c7a5f1d0b0b4e7572c5a4c8cce44866513d30d9df1a15277d6b
2020/03/15 16:51:00 existing blob: sha256:4874c5772968dcab87c114bee2baf2c7e9a06dda36e63bdfeab71bd4d6f02890
2020/03/15 16:51:00 existing blob: sha256:cd812b6e86d2716865163d0858b828d2adbce541cd7b2f057ec5a461f0ac4301
2020/03/15 16:51:03 pushed blob: sha256:f008539a2398fb5c995ce02dc4f19513a5e1a0bb3e4a2ce8ae8d04f0ead01ff2
2020/03/15 16:51:03 pushed blob: sha256:2a6eb059cbd20b141388256839e14c52c4863fc0047779114e8d40b9bb790c92
2020/03/15 16:51:05 pushed blob: sha256:d127f6d3108e14edabf790f1106856f8427e093d60ae97c611f799f6839acd25
2020/03/15 16:51:06 gcr.io/jenkins-x-bdd3/bdd-spring-1584290293:0.0.0-SNAPSHOT-PR-1-1: digest: sha256:8843b42a3a409454f0c2e66f82ffcc875dfc316a21d2e5bda9e6a071a2cac40b size: 1244

Showing logs for build [32mcb-kubecd-bdd-spring-1584290293-6g9tk-1[0m stage [32mfrom-build-pack[0m and container [32mstep-postbuild-post-build[0m
no CVE provider running in the current ** namespace so skip adding image to be analysed

Showing logs for build [32mcb-kubecd-bdd-spring-1584290293-6g9tk-1[0m stage [32mfrom-build-pack[0m and container [32mstep-promote-make-preview[0m
sed -i -e "s/version:.*/version: 0.0.0-SNAPSHOT-PR-1-1/" Chart.yaml
sed -i -e "s/version:.*/version: 0.0.0-SNAPSHOT-PR-1-1/" ../*/Chart.yaml
sed -i -e "s|repository:.*|repository: gcr.io\/jenkins-x-bdd3\/bdd-spring-1584290293|" values.yaml
sed -i -e "s/tag:.*/tag: 0.0.0-SNAPSHOT-PR-1-1/" values.yaml
echo "  version: 0.0.0-SNAPSHOT-PR-1-1" >> requirements.yaml
** step helm build
WARNING: No $CHART_REPOSITORY defined so using the default value of: http://jenkins-x-chartmuseum:8080
Adding missing Helm repo: storage.googleapis.com https://storage.googleapis.com/chartmuseum.jenkins-x.io
WARNING: No secrets found on "helm/repos" due: reading the secret "helm/repos" from vault: no secret "helm/repos" not found in vault
Read credentials for https://storage.googleapis.com/chartmuseum.jenkins-x.io from vault helm/repos
Successfully added Helm repository storage.googleapis.com.
Adding missing Helm repo: jenkins-x-chartmuseum http://jenkins-x-chartmuseum:8080
WARNING: No secrets found on "helm/repos" due: reading the secret "helm/repos" from vault: no secret "helm/repos" not found in vault
Read credentials for http://jenkins-x-chartmuseum:8080 from vault helm/repos
Successfully added Helm repository jenkins-x-chartmuseum.
WARNING: No $CHART_REPOSITORY defined so using the default value of: http://jenkins-x-chartmuseum:8080
Adding missing Helm repo: chartmuseum.jenkins-x.io http://chartmuseum.jenkins-x.io
WARNING: No secrets found on "helm/repos" due: reading the secret "helm/repos" from vault: no secret "helm/repos" not found in vault
Read credentials for http://chartmuseum.jenkins-x.io from vault helm/repos
Successfully added Helm repository chartmuseum.jenkins-x.io.

Showing logs for build [32mcb-kubecd-bdd-spring-1584290293-6g9tk-1[0m stage [32mfrom-build-pack[0m and container [32mstep-promote-jx-preview[0m
Creating a preview
Created environment cb-kubecd-bdd-spring-1584290293-pr-1
Namespace **-cb-kubecd-bdd-spring-1584290293-pr-1 created 
expose:
  Annotations:
    helm.sh/hook: post-install,post-upgrade
    helm.sh/hook-delete-policy: hook-succeeded
  config:
    domain: c**du12.bdd.jenkins-x.rocks
    exposer: Ingress
    http: "true"
preview:
  image:
    repository: gcr.io/jenkins-x-bdd3/bdd-spring-1584290293
    tag: 0.0.0-SNAPSHOT-PR-1-1

Updating PipelineActivities cb-kubecd-bdd-spring-1584290293-pr-1-1 which has status Running
WARNING: preview application http://bdd-spring-1584290293.**-cb-kubecd-bdd-spring-1584290293-pr-1.c**du12.bdd.jenkins-x.rocks not available, error was Get http://bdd-spring-1584290293.**-cb-kubecd-bdd-spring-1584290293-pr-1.c**du12.bdd.jenkins-x.rocks: dial tcp: lookup bdd-spring-1584290293.**-cb-kubecd-bdd-spring-1584290293-pr-1.c**du12.bdd.jenkins-x.rocks on 10.39.240.10:53: no such host, delaying for: 1.283034974s
WARNING: preview application http://bdd-spring-1584290293.**-cb-kubecd-bdd-spring-1584290293-pr-1.c**du12.bdd.jenkins-x.rocks not available, error was Get http://bdd-spring-1584290293.**-cb-kubecd-bdd-spring-1584290293-pr-1.c**du12.bdd.jenkins-x.rocks: dial tcp: lookup bdd-spring-1584290293.**-cb-kubecd-bdd-spring-1584290293-pr-1.c**du12.bdd.jenkins-x.rocks on 10.39.240.10:53: no such host, delaying for: 956.706092ms
WARNING: preview application http://bdd-spring-1584290293.**-cb-kubecd-bdd-spring-1584290293-pr-1.c**du12.bdd.jenkins-x.rocks not available, error was Get http://bdd-spring-1584290293.**-cb-kubecd-bdd-spring-1584290293-pr-1.c**du12.bdd.jenkins-x.rocks: dial tcp: lookup bdd-spring-1584290293.**-cb-kubecd-bdd-spring-1584290293-pr-1.c**du12.bdd.jenkins-x.rocks on 10.39.240.10:53: no such host, delaying for: 1.345569468s
WARNING: preview application http://bdd-spring-1584290293.**-cb-kubecd-bdd-spring-1584290293-pr-1.c**du12.bdd.jenkins-x.rocks not available, error was Get http://bdd-spring-1584290293.**-cb-kubecd-bdd-spring-1584290293-pr-1.c**du12.bdd.jenkins-x.rocks: dial tcp: lookup bdd-spring-1584290293.**-cb-kubecd-bdd-spring-1584290293-pr-1.c**du12.bdd.jenkins-x.rocks on 10.39.240.10:53: no such host, delaying for: 4.050971572s
WARNING: preview application http://bdd-spring-1584290293.**-cb-kubecd-bdd-spring-1584290293-pr-1.c**du12.bdd.jenkins-x.rocks not available, error was Get http://bdd-spring-1584290293.**-cb-kubecd-bdd-spring-1584290293-pr-1.c**du12.bdd.jenkins-x.rocks: dial tcp: lookup bdd-spring-1584290293.**-cb-kubecd-bdd-spring-1584290293-pr-1.c**du12.bdd.jenkins-x.rocks on 10.39.240.10:53: no such host, delaying for: 2.640264778s
WARNING: preview application http://bdd-spring-1584290293.**-cb-kubecd-bdd-spring-1584290293-pr-1.c**du12.bdd.jenkins-x.rocks not available, error was Get http://bdd-spring-1584290293.**-cb-kubecd-bdd-spring-1584290293-pr-1.c**du12.bdd.jenkins-x.rocks: dial tcp: lookup bdd-spring-1584290293.**-cb-kubecd-bdd-spring-1584290293-pr-1.c**du12.bdd.jenkins-x.rocks on 10.39.240.10:53: no such host, delaying for: 7.589083593s
WARNING: preview application http://bdd-spring-1584290293.**-cb-kubecd-bdd-spring-1584290293-pr-1.c**du12.bdd.jenkins-x.rocks not available, error was Get http://bdd-spring-1584290293.**-cb-kubecd-bdd-spring-1584290293-pr-1.c**du12.bdd.jenkins-x.rocks: dial tcp: lookup bdd-spring-1584290293.**-cb-kubecd-bdd-spring-1584290293-pr-1.c**du12.bdd.jenkins-x.rocks on 10.39.240.10:53: no such host, delaying for: 6.520544564s
WARNING: preview application http://bdd-spring-1584290293.**-cb-kubecd-bdd-spring-1584290293-pr-1.c**du12.bdd.jenkins-x.rocks not available, error was Get http://bdd-spring-1584290293.**-cb-kubecd-bdd-spring-1584290293-pr-1.c**du12.bdd.jenkins-x.rocks: dial tcp: lookup bdd-spring-1584290293.**-cb-kubecd-bdd-spring-1584290293-pr-1.c**du12.bdd.jenkins-x.rocks on 10.39.240.10:53: no such host, delaying for: 10.199180659s
WARNING: preview application http://bdd-spring-1584290293.**-cb-kubecd-bdd-spring-1584290293-pr-1.c**du12.bdd.jenkins-x.rocks not available, error was Get http://bdd-spring-1584290293.**-cb-kubecd-bdd-spring-1584290293-pr-1.c**du12.bdd.jenkins-x.rocks: dial tcp: lookup bdd-spring-1584290293.**-cb-kubecd-bdd-spring-1584290293-pr-1.c**du12.bdd.jenkins-x.rocks on 10.39.240.10:53: no such host, delaying for: 37.600023335s
WARNING: preview application http://bdd-spring-1584290293.**-cb-kubecd-bdd-spring-1584290293-pr-1.c**du12.bdd.jenkins-x.rocks not available, error was Get http://bdd-spring-1584290293.**-cb-kubecd-bdd-spring-1584290293-pr-1.c**du12.bdd.jenkins-x.rocks: dial tcp: lookup bdd-spring-1584290293.**-cb-kubecd-bdd-spring-1584290293-pr-1.c**du12.bdd.jenkins-x.rocks on 10.39.240.10:53: no such host, delaying for: 35.856053632s
WARNING: preview application http://bdd-spring-1584290293.**-cb-kubecd-bdd-spring-1584290293-pr-1.c**du12.bdd.jenkins-x.rocks not available, error was Get http://bdd-spring-1584290293.**-cb-kubecd-bdd-spring-1584290293-pr-1.c**du12.bdd.jenkins-x.rocks: dial tcp: lookup bdd-spring-1584290293.**-cb-kubecd-bdd-spring-1584290293-pr-1.c**du12.bdd.jenkins-x.rocks on 10.39.240.10:53: no such host, delaying for: 29.275456602s
Preview application is now available at: http://bdd-spring-1584290293.**-cb-kubecd-bdd-spring-1584290293-pr-1.c**du12.bdd.jenkins-x.rocks
